{"/Users/carol/Documents/TRYBE/trybe-exercicios-carol/fundamentos/secao-07-JS-ES6-testes-unitarios/dia-03-Matchers-e-cobertura-de-codigo/fixacao-testes/createItem.js": {"path":"/Users/carol/Documents/TRYBE/trybe-exercicios-carol/fundamentos/secao-07-JS-ES6-testes-unitarios/dia-03-Matchers-e-cobertura-de-codigo/fixacao-testes/createItem.js","statementMap":{"0":{"start":{"line":1,"column":19},"end":{"line":17,"column":1}},"1":{"start":{"line":2,"column":2},"end":{"line":4,"column":3}},"2":{"start":{"line":3,"column":4},"end":{"line":3,"column":58}},"3":{"start":{"line":5,"column":2},"end":{"line":7,"column":3}},"4":{"start":{"line":6,"column":4},"end":{"line":6,"column":63}},"5":{"start":{"line":8,"column":2},"end":{"line":10,"column":3}},"6":{"start":{"line":9,"column":4},"end":{"line":9,"column":17}},"7":{"start":{"line":11,"column":2},"end":{"line":16,"column":4}},"8":{"start":{"line":18,"column":0},"end":{"line":18,"column":28}}},"fnMap":{"0":{"name":"(anonymous_0)","decl":{"start":{"line":1,"column":19},"end":{"line":1,"column":20}},"loc":{"start":{"line":1,"column":52},"end":{"line":17,"column":1}},"line":1}},"branchMap":{"0":{"loc":{"start":{"line":2,"column":2},"end":{"line":4,"column":3}},"type":"if","locations":[{"start":{"line":2,"column":2},"end":{"line":4,"column":3}},{"start":{},"end":{}}],"line":2},"1":{"loc":{"start":{"line":5,"column":2},"end":{"line":7,"column":3}},"type":"if","locations":[{"start":{"line":5,"column":2},"end":{"line":7,"column":3}},{"start":{},"end":{}}],"line":5},"2":{"loc":{"start":{"line":8,"column":2},"end":{"line":10,"column":3}},"type":"if","locations":[{"start":{"line":8,"column":2},"end":{"line":10,"column":3}},{"start":{},"end":{}}],"line":8}},"s":{"0":1,"1":5,"2":1,"3":4,"4":2,"5":2,"6":1,"7":2,"8":1},"f":{"0":5},"b":{"0":[1,4],"1":[2,2],"2":[1,1]},"_coverageSchema":"1a1c01bbd47fc00a2c39e90264f33305004495a9","hash":"bc4d68d07337c42cd085510aea0faa4ec8983703"}
,"/Users/carol/Documents/TRYBE/trybe-exercicios-carol/fundamentos/secao-07-JS-ES6-testes-unitarios/dia-03-Matchers-e-cobertura-de-codigo/fixacao-testes/printMessage.js": {"path":"/Users/carol/Documents/TRYBE/trybe-exercicios-carol/fundamentos/secao-07-JS-ES6-testes-unitarios/dia-03-Matchers-e-cobertura-de-codigo/fixacao-testes/printMessage.js","statementMap":{"0":{"start":{"line":2,"column":11},"end":{"line":6,"column":1}},"1":{"start":{"line":8,"column":21},"end":{"line":13,"column":1}},"2":{"start":{"line":9,"column":2},"end":{"line":11,"column":3}},"3":{"start":{"line":10,"column":4},"end":{"line":10,"column":39}},"4":{"start":{"line":12,"column":2},"end":{"line":12,"column":54}},"5":{"start":{"line":15,"column":0},"end":{"line":15,"column":32}},"6":{"start":{"line":17,"column":0},"end":{"line":17,"column":40}}},"fnMap":{"0":{"name":"(anonymous_0)","decl":{"start":{"line":8,"column":21},"end":{"line":8,"column":22}},"loc":{"start":{"line":8,"column":40},"end":{"line":13,"column":1}},"line":8}},"branchMap":{"0":{"loc":{"start":{"line":9,"column":2},"end":{"line":11,"column":3}},"type":"if","locations":[{"start":{"line":9,"column":2},"end":{"line":11,"column":3}},{"start":{},"end":{}}],"line":9},"1":{"loc":{"start":{"line":9,"column":5},"end":{"line":9,"column":61}},"type":"binary-expr","locations":[{"start":{"line":9,"column":5},"end":{"line":9,"column":19}},{"start":{"line":9,"column":23},"end":{"line":9,"column":61}}],"line":9}},"s":{"0":1,"1":1,"2":4,"3":1,"4":3,"5":1,"6":1},"f":{"0":4},"b":{"0":[1,3],"1":[4,4]},"_coverageSchema":"1a1c01bbd47fc00a2c39e90264f33305004495a9","hash":"4e3483c8326457c2badf8a7a6db6b874633f0522"}
,"/Users/carol/Documents/TRYBE/trybe-exercicios-carol/fundamentos/secao-07-JS-ES6-testes-unitarios/dia-03-Matchers-e-cobertura-de-codigo/fixacao-testes/sum.js": {"path":"/Users/carol/Documents/TRYBE/trybe-exercicios-carol/fundamentos/secao-07-JS-ES6-testes-unitarios/dia-03-Matchers-e-cobertura-de-codigo/fixacao-testes/sum.js","statementMap":{"0":{"start":{"line":2,"column":2},"end":{"line":4,"column":3}},"1":{"start":{"line":3,"column":4},"end":{"line":3,"column":50}},"2":{"start":{"line":6,"column":2},"end":{"line":6,"column":15}},"3":{"start":{"line":8,"column":0},"end":{"line":8,"column":21}}},"fnMap":{"0":{"name":"sum","decl":{"start":{"line":1,"column":9},"end":{"line":1,"column":12}},"loc":{"start":{"line":1,"column":19},"end":{"line":7,"column":1}},"line":1}},"branchMap":{"0":{"loc":{"start":{"line":2,"column":2},"end":{"line":4,"column":3}},"type":"if","locations":[{"start":{"line":2,"column":2},"end":{"line":4,"column":3}},{"start":{},"end":{}}],"line":2},"1":{"loc":{"start":{"line":2,"column":6},"end":{"line":2,"column":52}},"type":"binary-expr","locations":[{"start":{"line":2,"column":6},"end":{"line":2,"column":27}},{"start":{"line":2,"column":31},"end":{"line":2,"column":52}}],"line":2}},"s":{"0":4,"1":2,"2":2,"3":1},"f":{"0":4},"b":{"0":[2,2],"1":[4,4]},"_coverageSchema":"1a1c01bbd47fc00a2c39e90264f33305004495a9","hash":"5821068f45851b9c951d730e4c6b9c3fa64c4806"}
}
